<?xml version="1.0" encoding="UTF-8"?>
<!-- Generated by org.testng.reporters.JUnitReportReporter -->
<testsuite hostname="DESKTOP-691D99K" failures="0" tests="3" name="com.testproject.qa.testcases.LoginPageTest" time="21.952" errors="0" timestamp="2025-03-06T14:45:13 IST" skipped="0">
  <testcase classname="com.testproject.qa.testcases.LoginPageTest" name="verifyTitleTest" time="11.212"/>
  <system-out/>
  <testcase classname="com.testproject.qa.testcases.LoginPageTest" name="verifyLogoImageTest" time="4.041"/>
  <system-out/>
  <testcase classname="com.testproject.qa.testcases.LoginPageTest" name="loginTest" time="6.699"/>
  <system-out/>
</testsuite> <!-- com.testproject.qa.testcases.LoginPageTest -->
