<?xml version="1.0" encoding="UTF-8"?>
<!-- Generated by org.testng.reporters.JUnitReportReporter -->
<testsuite hostname="DESKTOP-691D99K" failures="0" tests="1" name="com.testproject.qa.testcases.CheckOutStepTwoPageTest" time="46.965" errors="0" timestamp="2025-02-14T17:09:44 IST" skipped="0">
  <testcase classname="com.testproject.qa.testcases.CheckOutStepTwoPageTest" name="test" time="46.965"/>
  <system-out/>
</testsuite> <!-- com.testproject.qa.testcases.CheckOutStepTwoPageTest -->
