<?xml version="1.0" encoding="UTF-8"?>
<!-- Generated by org.testng.reporters.JUnitReportReporter -->
<testsuite hostname="DESKTOP-691D99K" failures="0" tests="1" name="com.testproject.qa.testcases.CheckOutStepOnePageTest" time="29.642" errors="0" timestamp="2025-02-14T17:04:55 IST" skipped="0">
  <testcase classname="com.testproject.qa.testcases.CheckOutStepOnePageTest" name="test" time="29.642"/>
  <system-out/>
</testsuite> <!-- com.testproject.qa.testcases.CheckOutStepOnePageTest -->
