<?xml version="1.0" encoding="UTF-8"?>
<!-- Generated by org.testng.reporters.JUnitReportReporter -->
<testsuite hostname="DESKTOP-691D99K" failures="0" tests="1" name="com.testproject.qa.testcases.CartPageTest" time="24.967" errors="0" timestamp="2025-02-14T17:05:43 IST" skipped="0">
  <testcase classname="com.testproject.qa.testcases.CartPageTest" name="validateSelectedProductsDisplayTest" time="24.967"/>
  <system-out/>
</testsuite> <!-- com.testproject.qa.testcases.CartPageTest -->
