<?xml version="1.0" encoding="UTF-8"?>
<!-- Generated by org.testng.reporters.JUnitReportReporter -->
<testsuite hostname="DESKTOP-691D99K" failures="0" tests="3" name="com.testproject.qa.testcases.LoginPageTest" time="19.584" errors="0" timestamp="2025-02-14T17:03:35 IST" skipped="0">
  <testcase classname="com.testproject.qa.testcases.LoginPageTest" name="verifyTitleTest" time="5.678"/>
  <system-out/>
  <testcase classname="com.testproject.qa.testcases.LoginPageTest" name="verifyLogoImageTest" time="4.200"/>
  <system-out/>
  <testcase classname="com.testproject.qa.testcases.LoginPageTest" name="loginTest" time="9.706"/>
  <system-out/>
</testsuite> <!-- com.testproject.qa.testcases.LoginPageTest -->
